# JRE version: Java(TM) SE Runtime Environment (8.0_161-b12) (build 1.8.0_161-b12)
# Java VM: Java HotSpot(TM) 64-Bit Server VM (25.161-b12 mixed mode linux-amd64 compressed oops)
Heap:
 PSYoungGen      total 293888K, used 4893K [0x00000000e1780000, 0x00000000f6480000, 0x0000000100000000)
  eden space 265728K, 0% used [0x00000000e1780000,0x00000000e1780000,0x00000000f1b00000)
  from space 28160K, 17% used [0x00000000f1b00000,0x00000000f1fc76b0,0x00000000f3680000)
  to   space 20480K, 0% used [0x00000000f3680000,0x00000000f3680000,0x00000000f4a80000)
 ParOldGen       total 79872K, used 58715K [0x00000000a4600000, 0x00000000a9400000, 0x00000000e1780000)
  object space 79872K, 73% used [0x00000000a4600000,0x00000000a7f56f80,0x00000000a9400000)
 Metaspace       used 56684K, capacity 58882K, committed 58968K, reserved 1099776K
  class space    used 7683K, capacity 8304K, committed 8320K, reserved 1048576K
GC Heap History (10 events):
Event: 7.914 GC heap after
Heap after GC invocations=8 (full 1):
 PSYoungGen      total 151040K, used 11380K [0x00000000e1780000, 0x00000000f0b80000, 0x0000000100000000)
  eden space 136192K, 0% used [0x00000000e1780000,0x00000000e1780000,0x00000000e9c80000)
  from space 14848K, 76% used [0x00000000e9c80000,0x00000000ea79d1d0,0x00000000eab00000)
  to   space 15360K, 0% used [0x00000000efc80000,0x00000000efc80000,0x00000000f0b80000)
 ParOldGen       total 60928K, used 21413K [0x00000000a4600000, 0x00000000a8180000, 0x00000000e1780000)
  object space 60928K, 35% used [0x00000000a4600000,0x00000000a5ae95b8,0x00000000a8180000)
 Metaspace       used 34450K, capacity 35158K, committed 35416K, reserved 1079296K
  class space    used 4735K, capacity 4966K, committed 4992K, reserved 1048576K
}
Event: 7.915 GC heap before
{Heap before GC invocations=9 (full 2):
 PSYoungGen      total 151040K, used 11380K [0x00000000e1780000, 0x00000000f0b80000, 0x0000000100000000)
  eden space 136192K, 0% used [0x00000000e1780000,0x00000000e1780000,0x00000000e9c80000)
  from space 14848K, 76% used [0x00000000e9c80000,0x00000000ea79d1d0,0x00000000eab00000)
  to   space 15360K, 0% used [0x00000000efc80000,0x00000000efc80000,0x00000000f0b80000)
 ParOldGen       total 60928K, used 21413K [0x00000000a4600000, 0x00000000a8180000, 0x00000000e1780000)
  object space 60928K, 35% used [0x00000000a4600000,0x00000000a5ae95b8,0x00000000a8180000)
 Metaspace       used 34450K, capacity 35158K, committed 35416K, reserved 1079296K
  class space    used 4735K, capacity 4966K, committed 4992K, reserved 1048576K
Event: 8.066 GC heap after
Heap after GC invocations=9 (full 2):
 PSYoungGen      total 151040K, used 0K [0x00000000e1780000, 0x00000000f0b80000, 0x0000000100000000)
  eden space 136192K, 0% used [0x00000000e1780000,0x00000000e1780000,0x00000000e9c80000)
  from space 14848K, 0% used [0x00000000e9c80000,0x00000000e9c80000,0x00000000eab00000)
  to   space 15360K, 0% used [0x00000000efc80000,0x00000000efc80000,0x00000000f0b80000)
 ParOldGen       total 79872K, used 18973K [0x00000000a4600000, 0x00000000a9400000, 0x00000000e1780000)
  object space 79872K, 23% used [0x00000000a4600000,0x00000000a58874d0,0x00000000a9400000)
 Metaspace       used 34450K, capacity 35158K, committed 35416K, reserved 1079296K
  class space    used 4735K, capacity 4966K, committed 4992K, reserved 1048576K
}
Event: 10.531 GC heap before
{Heap before GC invocations=10 (full 2):
 PSYoungGen      total 151040K, used 136192K [0x00000000e1780000, 0x00000000f0b80000, 0x0000000100000000)
  eden space 136192K, 100% used [0x00000000e1780000,0x00000000e9c80000,0x00000000e9c80000)
  from space 14848K, 0% used [0x00000000e9c80000,0x00000000e9c80000,0x00000000eab00000)
  to   space 15360K, 0% used [0x00000000efc80000,0x00000000efc80000,0x00000000f0b80000)
 ParOldGen       total 79872K, used 18973K [0x00000000a4600000, 0x00000000a9400000, 0x00000000e1780000)
  object space 79872K, 23% used [0x00000000a4600000,0x00000000a58874d0,0x00000000a9400000)
 Metaspace       used 43303K, capacity 44332K, committed 44632K, reserved 1087488K
  class space    used 5923K, capacity 6219K, committed 6272K, reserved 1048576K
Event: 10.570 GC heap after
Heap after GC invocations=10 (full 2):
 PSYoungGen      total 220672K, used 10918K [0x00000000e1780000, 0x00000000f0780000, 0x0000000100000000)
  eden space 209408K, 0% used [0x00000000e1780000,0x00000000e1780000,0x00000000ee400000)
  from space 11264K, 96% used [0x00000000efc80000,0x00000000f0729b18,0x00000000f0780000)
  to   space 15872K, 0% used [0x00000000ee880000,0x00000000ee880000,0x00000000ef800000)
 ParOldGen       total 79872K, used 18981K [0x00000000a4600000, 0x00000000a9400000, 0x00000000e1780000)
  object space 79872K, 23% used [0x00000000a4600000,0x00000000a58894d0,0x00000000a9400000)
 Metaspace       used 43303K, capacity 44332K, committed 44632K, reserved 1087488K
  class space    used 5923K, capacity 6219K, committed 6272K, reserved 1048576K
}
Event: 13.575 GC heap before
{Heap before GC invocations=11 (full 2):
 PSYoungGen      total 220672K, used 220326K [0x00000000e1780000, 0x00000000f0780000, 0x0000000100000000)
  eden space 209408K, 100% used [0x00000000e1780000,0x00000000ee400000,0x00000000ee400000)
  from space 11264K, 96% used [0x00000000efc80000,0x00000000f0729b18,0x00000000f0780000)
  to   space 15872K, 0% used [0x00000000ee880000,0x00000000ee880000,0x00000000ef800000)
 ParOldGen       total 79872K, used 18981K [0x00000000a4600000, 0x00000000a9400000, 0x00000000e1780000)
  object space 79872K, 23% used [0x00000000a4600000,0x00000000a58894d0,0x00000000a9400000)
 Metaspace       used 48259K, capacity 49926K, committed 50136K, reserved 1091584K
  class space    used 6592K, capacity 7060K, committed 7168K, reserved 1048576K
Event: 13.637 GC heap after
Heap after GC invocations=11 (full 2):
 PSYoungGen      total 229888K, used 15842K [0x00000000e1780000, 0x00000000f4a80000, 0x0000000100000000)
  eden space 214016K, 0% used [0x00000000e1780000,0x00000000e1780000,0x00000000ee880000)
  from space 15872K, 99% used [0x00000000ee880000,0x00000000ef7f88e8,0x00000000ef800000)
  to   space 20480K, 0% used [0x00000000f3680000,0x00000000f3680000,0x00000000f4a80000)
 ParOldGen       total 79872K, used 25252K [0x00000000a4600000, 0x00000000a9400000, 0x00000000e1780000)
  object space 79872K, 31% used [0x00000000a4600000,0x00000000a5ea9170,0x00000000a9400000)
 Metaspace       used 48259K, capacity 49926K, committed 50136K, reserved 1091584K
  class space    used 6592K, capacity 7060K, committed 7168K, reserved 1048576K
}
Event: 17.746 GC heap before
{Heap before GC invocations=12 (full 2):
 PSYoungGen      total 229888K, used 229858K [0x00000000e1780000, 0x00000000f4a80000, 0x0000000100000000)
  eden space 214016K, 100% used [0x00000000e1780000,0x00000000ee880000,0x00000000ee880000)
  from space 15872K, 99% used [0x00000000ee880000,0x00000000ef7f88e8,0x00000000ef800000)
  to   space 20480K, 0% used [0x00000000f3680000,0x00000000f3680000,0x00000000f4a80000)
 ParOldGen       total 79872K, used 25252K [0x00000000a4600000, 0x00000000a9400000, 0x00000000e1780000)
  object space 79872K, 31% used [0x00000000a4600000,0x00000000a5ea9170,0x00000000a9400000)
 Metaspace       used 51019K, capacity 53150K, committed 53464K, reserved 1095680K
  class space    used 6940K, capacity 7566K, committed 7680K, reserved 1048576K
Event: 17.987 GC heap after
Heap after GC invocations=12 (full 2):
 PSYoungGen      total 286208K, used 20480K [0x00000000e1780000, 0x00000000f6480000, 0x0000000100000000)
  eden space 265728K, 0% used [0x00000000e1780000,0x00000000e1780000,0x00000000f1b00000)
  from space 20480K, 100% used [0x00000000f3680000,0x00000000f4a80000,0x00000000f4a80000)
  to   space 28160K, 0% used [0x00000000f1b00000,0x00000000f1b00000,0x00000000f3680000)
 ParOldGen       total 79872K, used 38199K [0x00000000a4600000, 0x00000000a9400000, 0x00000000e1780000)
  object space 79872K, 47% used [0x00000000a4600000,0x00000000a6b4df00,0x00000000a9400000)
 Metaspace       used 51019K, capacity 53150K, committed 53464K, reserved 1095680K
  class space    used 6940K, capacity 7566K, committed 7680K, reserved 1048576K
}
Event: 28.393 GC heap before
{Heap before GC invocations=13 (full 2):
 PSYoungGen      total 286208K, used 212994K [0x00000000e1780000, 0x00000000f6480000, 0x0000000100000000)
  eden space 265728K, 72% used [0x00000000e1780000,0x00000000ed380bf0,0x00000000f1b00000)
  from space 20480K, 100% used [0x00000000f3680000,0x00000000f4a80000,0x00000000f4a80000)
  to   space 28160K, 0% used [0x00000000f1b00000,0x00000000f1b00000,0x00000000f3680000)
 ParOldGen       total 79872K, used 38199K [0x00000000a4600000, 0x00000000a9400000, 0x00000000e1780000)
  object space 79872K, 47% used [0x00000000a4600000,0x00000000a6b4df00,0x00000000a9400000)
 Metaspace       used 56684K, capacity 58882K, committed 58968K, reserved 1099776K
  class space    used 7683K, capacity 8304K, committed 8320K, reserved 1048576K

