# JRE version: Java(TM) SE Runtime Environment (8.0_161-b12) (build 1.8.0_161-b12)
# Java VM: Java HotSpot(TM) 64-Bit Server VM (25.161-b12 mixed mode linux-amd64 compressed oops)
Heap:
 PSYoungGen      total 375296K, used 12857K [0x00000000e1780000, 0x00000000f9f80000, 0x0000000100000000)
  eden space 349184K, 0% used [0x00000000e1780000,0x00000000e1780000,0x00000000f6c80000)
  from space 26112K, 49% used [0x00000000f6c80000,0x00000000f790e538,0x00000000f8600000)
  to   space 17920K, 0% used [0x00000000f8a00000,0x00000000f8a00000,0x00000000f9b80000)
 ParOldGen       total 116224K, used 87137K [0x00000000a4600000, 0x00000000ab780000, 0x00000000e1780000)
  object space 116224K, 74% used [0x00000000a4600000,0x00000000a9b18430,0x00000000ab780000)
 Metaspace       used 66792K, capacity 69130K, committed 69208K, reserved 1110016K
  class space    used 8456K, capacity 9022K, committed 9088K, reserved 1048576K
GC Heap History (10 events):
Event: 16.780 GC heap after
Heap after GC invocations=13 (full 2):
 PSYoungGen      total 189440K, used 13813K [0x00000000e1780000, 0x00000000f3300000, 0x0000000100000000)
  eden space 175616K, 0% used [0x00000000e1780000,0x00000000e1780000,0x00000000ec300000)
  from space 13824K, 99% used [0x00000000ec300000,0x00000000ed07d620,0x00000000ed080000)
  to   space 17408K, 0% used [0x00000000f2200000,0x00000000f2200000,0x00000000f3300000)
 ParOldGen       total 66048K, used 24442K [0x00000000a4600000, 0x00000000a8680000, 0x00000000e1780000)
  object space 66048K, 37% used [0x00000000a4600000,0x00000000a5dde8e0,0x00000000a8680000)
 Metaspace       used 47878K, capacity 49416K, committed 49752K, reserved 1091584K
  class space    used 6552K, capacity 6946K, committed 7040K, reserved 1048576K
}
Event: 20.410 GC heap before
{Heap before GC invocations=14 (full 2):
 PSYoungGen      total 189440K, used 189429K [0x00000000e1780000, 0x00000000f3300000, 0x0000000100000000)
  eden space 175616K, 100% used [0x00000000e1780000,0x00000000ec300000,0x00000000ec300000)
  from space 13824K, 99% used [0x00000000ec300000,0x00000000ed07d620,0x00000000ed080000)
  to   space 17408K, 0% used [0x00000000f2200000,0x00000000f2200000,0x00000000f3300000)
 ParOldGen       total 66048K, used 24442K [0x00000000a4600000, 0x00000000a8680000, 0x00000000e1780000)
  object space 66048K, 37% used [0x00000000a4600000,0x00000000a5dde8e0,0x00000000a8680000)
 Metaspace       used 50144K, capacity 52012K, committed 52184K, reserved 1093632K
  class space    used 6845K, capacity 7349K, committed 7424K, reserved 1048576K
Event: 20.536 GC heap after
Heap after GC invocations=14 (full 2):
 PSYoungGen      total 271872K, used 14404K [0x00000000e1780000, 0x00000000f3400000, 0x0000000100000000)
  eden space 254464K, 0% used [0x00000000e1780000,0x00000000e1780000,0x00000000f1000000)
  from space 17408K, 82% used [0x00000000f2200000,0x00000000f3011230,0x00000000f3300000)
  to   space 18432K, 0% used [0x00000000f1000000,0x00000000f1000000,0x00000000f2200000)
 ParOldGen       total 66048K, used 37028K [0x00000000a4600000, 0x00000000a8680000, 0x00000000e1780000)
  object space 66048K, 56% used [0x00000000a4600000,0x00000000a6a29160,0x00000000a8680000)
 Metaspace       used 50144K, capacity 52012K, committed 52184K, reserved 1093632K
  class space    used 6845K, capacity 7349K, committed 7424K, reserved 1048576K
}
Event: 24.981 GC heap before
{Heap before GC invocations=15 (full 2):
 PSYoungGen      total 271872K, used 233120K [0x00000000e1780000, 0x00000000f3400000, 0x0000000100000000)
  eden space 254464K, 85% used [0x00000000e1780000,0x00000000eed16ef8,0x00000000f1000000)
  from space 17408K, 82% used [0x00000000f2200000,0x00000000f3011230,0x00000000f3300000)
  to   space 18432K, 0% used [0x00000000f1000000,0x00000000f1000000,0x00000000f2200000)
 ParOldGen       total 66048K, used 37028K [0x00000000a4600000, 0x00000000a8680000, 0x00000000e1780000)
  object space 66048K, 56% used [0x00000000a4600000,0x00000000a6a29160,0x00000000a8680000)
 Metaspace       used 56962K, capacity 58860K, committed 58968K, reserved 1099776K
  class space    used 7707K, capacity 8247K, committed 8320K, reserved 1048576K
Event: 25.049 GC heap after
Heap after GC invocations=15 (full 2):
 PSYoungGen      total 272896K, used 7326K [0x00000000e1780000, 0x00000000f9b80000, 0x0000000100000000)
  eden space 254464K, 0% used [0x00000000e1780000,0x00000000e1780000,0x00000000f1000000)
  from space 18432K, 39% used [0x00000000f1000000,0x00000000f1727af8,0x00000000f2200000)
  to   space 17920K, 0% used [0x00000000f8a00000,0x00000000f8a00000,0x00000000f9b80000)
 ParOldGen       total 66048K, used 49880K [0x00000000a4600000, 0x00000000a8680000, 0x00000000e1780000)
  object space 66048K, 75% used [0x00000000a4600000,0x00000000a76b61b0,0x00000000a8680000)
 Metaspace       used 56962K, capacity 58860K, committed 58968K, reserved 1099776K
  class space    used 7707K, capacity 8247K, committed 8320K, reserved 1048576K
}
Event: 25.049 GC heap before
{Heap before GC invocations=16 (full 3):
 PSYoungGen      total 272896K, used 7326K [0x00000000e1780000, 0x00000000f9b80000, 0x0000000100000000)
  eden space 254464K, 0% used [0x00000000e1780000,0x00000000e1780000,0x00000000f1000000)
  from space 18432K, 39% used [0x00000000f1000000,0x00000000f1727af8,0x00000000f2200000)
  to   space 17920K, 0% used [0x00000000f8a00000,0x00000000f8a00000,0x00000000f9b80000)
 ParOldGen       total 66048K, used 49880K [0x00000000a4600000, 0x00000000a8680000, 0x00000000e1780000)
  object space 66048K, 75% used [0x00000000a4600000,0x00000000a76b61b0,0x00000000a8680000)
 Metaspace       used 56962K, capacity 58860K, committed 58968K, reserved 1099776K
  class space    used 7707K, capacity 8247K, committed 8320K, reserved 1048576K
Event: 25.729 GC heap after
Heap after GC invocations=16 (full 3):
 PSYoungGen      total 272896K, used 0K [0x00000000e1780000, 0x00000000f9b80000, 0x0000000100000000)
  eden space 254464K, 0% used [0x00000000e1780000,0x00000000e1780000,0x00000000f1000000)
  from space 18432K, 0% used [0x00000000f1000000,0x00000000f1000000,0x00000000f2200000)
  to   space 17920K, 0% used [0x00000000f8a00000,0x00000000f8a00000,0x00000000f9b80000)
 ParOldGen       total 116224K, used 54683K [0x00000000a4600000, 0x00000000ab780000, 0x00000000e1780000)
  object space 116224K, 47% used [0x00000000a4600000,0x00000000a7b66e48,0x00000000ab780000)
 Metaspace       used 56960K, capacity 58854K, committed 58968K, reserved 1099776K
  class space    used 7707K, capacity 8246K, committed 8320K, reserved 1048576K
}
Event: 31.887 GC heap before
{Heap before GC invocations=17 (full 3):
 PSYoungGen      total 272896K, used 254464K [0x00000000e1780000, 0x00000000f9b80000, 0x0000000100000000)
  eden space 254464K, 100% used [0x00000000e1780000,0x00000000f1000000,0x00000000f1000000)
  from space 18432K, 0% used [0x00000000f1000000,0x00000000f1000000,0x00000000f2200000)
  to   space 17920K, 0% used [0x00000000f8a00000,0x00000000f8a00000,0x00000000f9b80000)
 ParOldGen       total 116224K, used 54683K [0x00000000a4600000, 0x00000000ab780000, 0x00000000e1780000)
  object space 116224K, 47% used [0x00000000a4600000,0x00000000a7b66e48,0x00000000ab780000)
 Metaspace       used 65907K, capacity 68072K, committed 68184K, reserved 1107968K
  class space    used 8431K, capacity 8995K, committed 9088K, reserved 1048576K
Event: 31.956 GC heap after
Heap after GC invocations=17 (full 3):
 PSYoungGen      total 367104K, used 17909K [0x00000000e1780000, 0x00000000f9f80000, 0x0000000100000000)
  eden space 349184K, 0% used [0x00000000e1780000,0x00000000e1780000,0x00000000f6c80000)
  from space 17920K, 99% used [0x00000000f8a00000,0x00000000f9b7d678,0x00000000f9b80000)
  to   space 26112K, 0% used [0x00000000f6c80000,0x00000000f6c80000,0x00000000f8600000)
 ParOldGen       total 116224K, used 69932K [0x00000000a4600000, 0x00000000ab780000, 0x00000000e1780000)
  object space 116224K, 60% used [0x00000000a4600000,0x00000000a8a4b258,0x00000000ab780000)
 Metaspace       used 65907K, capacity 68072K, committed 68184K, reserved 1107968K
  class space    used 8431K, capacity 8995K, committed 9088K, reserved 1048576K
}
Event: 301.664 GC heap before
{Heap before GC invocations=18 (full 3):
 PSYoungGen      total 367104K, used 367093K [0x00000000e1780000, 0x00000000f9f80000, 0x0000000100000000)
  eden space 349184K, 100% used [0x00000000e1780000,0x00000000f6c80000,0x00000000f6c80000)
  from space 17920K, 99% used [0x00000000f8a00000,0x00000000f9b7d678,0x00000000f9b80000)
  to   space 26112K, 0% used [0x00000000f6c80000,0x00000000f6c80000,0x00000000f8600000)
 ParOldGen       total 116224K, used 69932K [0x00000000a4600000, 0x00000000ab780000, 0x00000000e1780000)
  object space 116224K, 60% used [0x00000000a4600000,0x00000000a8a4b258,0x00000000ab780000)
 Metaspace       used 66792K, capacity 69130K, committed 69208K, reserved 1110016K
  class space    used 8456K, capacity 9022K, committed 9088K, reserved 1048576K

