# JRE version: Java(TM) SE Runtime Environment (8.0_161-b12) (build 1.8.0_161-b12)
# Java VM: Java HotSpot(TM) 64-Bit Server VM (25.161-b12 mixed mode linux-amd64 compressed oops)
Heap:
 PSYoungGen      total 231936K, used 15858K [0x00000000e1780000, 0x00000000f1a00000, 0x0000000100000000)
  eden space 216064K, 0% used [0x00000000e1780000,0x00000000e1780000,0x00000000eea80000)
  from space 15872K, 99% used [0x00000000efb00000,0x00000000f0a7c8f8,0x00000000f0a80000)
  to   space 11264K, 0% used [0x00000000f0f00000,0x00000000f0f00000,0x00000000f1a00000)
 ParOldGen       total 77824K, used 25225K [0x00000000a4600000, 0x00000000a9200000, 0x00000000e1780000)
  object space 77824K, 32% used [0x00000000a4600000,0x00000000a5ea2690,0x00000000a9200000)
 Metaspace       used 48250K, capacity 49974K, committed 50136K, reserved 1091584K
  class space    used 6585K, capacity 7060K, committed 7168K, reserved 1048576K
GC Heap History (10 events):
Event: 5.820 GC heap after
Heap after GC invocations=6 (full 1):
 PSYoungGen      total 99840K, used 3584K [0x00000000e1780000, 0x00000000ebc80000, 0x0000000100000000)
  eden space 96256K, 0% used [0x00000000e1780000,0x00000000e1780000,0x00000000e7580000)
  from space 3584K, 100% used [0x00000000e7580000,0x00000000e7900000,0x00000000e7900000)
  to   space 11776K, 0% used [0x00000000eb100000,0x00000000eb100000,0x00000000ebc80000)
 ParOldGen       total 58880K, used 19588K [0x00000000a4600000, 0x00000000a7f80000, 0x00000000e1780000)
  object space 58880K, 33% used [0x00000000a4600000,0x00000000a5921170,0x00000000a7f80000)
 Metaspace       used 27057K, capacity 27576K, committed 27776K, reserved 1073152K
  class space    used 3757K, capacity 3941K, committed 3968K, reserved 1048576K
}
Event: 7.478 GC heap before
{Heap before GC invocations=7 (full 1):
 PSYoungGen      total 99840K, used 99840K [0x00000000e1780000, 0x00000000ebc80000, 0x0000000100000000)
  eden space 96256K, 100% used [0x00000000e1780000,0x00000000e7580000,0x00000000e7580000)
  from space 3584K, 100% used [0x00000000e7580000,0x00000000e7900000,0x00000000e7900000)
  to   space 11776K, 0% used [0x00000000eb100000,0x00000000eb100000,0x00000000ebc80000)
 ParOldGen       total 58880K, used 19588K [0x00000000a4600000, 0x00000000a7f80000, 0x00000000e1780000)
  object space 58880K, 33% used [0x00000000a4600000,0x00000000a5921170,0x00000000a7f80000)
 Metaspace       used 34111K, capacity 34754K, committed 35200K, reserved 1079296K
  class space    used 4665K, capacity 4880K, committed 4992K, reserved 1048576K
Event: 7.514 GC heap after
Heap after GC invocations=7 (full 1):
 PSYoungGen      total 154112K, used 11762K [0x00000000e1780000, 0x00000000ec200000, 0x0000000100000000)
  eden space 142336K, 0% used [0x00000000e1780000,0x00000000e1780000,0x00000000ea280000)
  from space 11776K, 99% used [0x00000000eb100000,0x00000000ebc7ca50,0x00000000ebc80000)
  to   space 14848K, 0% used [0x00000000ea280000,0x00000000ea280000,0x00000000eb100000)
 ParOldGen       total 58880K, used 21541K [0x00000000a4600000, 0x00000000a7f80000, 0x00000000e1780000)
  object space 58880K, 36% used [0x00000000a4600000,0x00000000a5b09540,0x00000000a7f80000)
 Metaspace       used 34111K, capacity 34754K, committed 35200K, reserved 1079296K
  class space    used 4665K, capacity 4880K, committed 4992K, reserved 1048576K
}
Event: 7.800 GC heap before
{Heap before GC invocations=8 (full 1):
 PSYoungGen      total 154112K, used 28764K [0x00000000e1780000, 0x00000000ec200000, 0x0000000100000000)
  eden space 142336K, 11% used [0x00000000e1780000,0x00000000e281a5b8,0x00000000ea280000)
  from space 11776K, 99% used [0x00000000eb100000,0x00000000ebc7ca50,0x00000000ebc80000)
  to   space 14848K, 0% used [0x00000000ea280000,0x00000000ea280000,0x00000000eb100000)
 ParOldGen       total 58880K, used 21541K [0x00000000a4600000, 0x00000000a7f80000, 0x00000000e1780000)
  object space 58880K, 36% used [0x00000000a4600000,0x00000000a5b09540,0x00000000a7f80000)
 Metaspace       used 34451K, capacity 35142K, committed 35416K, reserved 1079296K
  class space    used 4726K, capacity 4966K, committed 4992K, reserved 1048576K
Event: 7.837 GC heap after
Heap after GC invocations=8 (full 1):
 PSYoungGen      total 157184K, used 11346K [0x00000000e1780000, 0x00000000f1e00000, 0x0000000100000000)
  eden space 142336K, 0% used [0x00000000e1780000,0x00000000e1780000,0x00000000ea280000)
  from space 14848K, 76% used [0x00000000ea280000,0x00000000ead94a98,0x00000000eb100000)
  to   space 15360K, 0% used [0x00000000f0f00000,0x00000000f0f00000,0x00000000f1e00000)
 ParOldGen       total 58880K, used 21549K [0x00000000a4600000, 0x00000000a7f80000, 0x00000000e1780000)
  object space 58880K, 36% used [0x00000000a4600000,0x00000000a5b0b540,0x00000000a7f80000)
 Metaspace       used 34451K, capacity 35142K, committed 35416K, reserved 1079296K
  class space    used 4726K, capacity 4966K, committed 4992K, reserved 1048576K
}
Event: 7.837 GC heap before
{Heap before GC invocations=9 (full 2):
 PSYoungGen      total 157184K, used 11346K [0x00000000e1780000, 0x00000000f1e00000, 0x0000000100000000)
  eden space 142336K, 0% used [0x00000000e1780000,0x00000000e1780000,0x00000000ea280000)
  from space 14848K, 76% used [0x00000000ea280000,0x00000000ead94a98,0x00000000eb100000)
  to   space 15360K, 0% used [0x00000000f0f00000,0x00000000f0f00000,0x00000000f1e00000)
 ParOldGen       total 58880K, used 21549K [0x00000000a4600000, 0x00000000a7f80000, 0x00000000e1780000)
  object space 58880K, 36% used [0x00000000a4600000,0x00000000a5b0b540,0x00000000a7f80000)
 Metaspace       used 34451K, capacity 35142K, committed 35416K, reserved 1079296K
  class space    used 4726K, capacity 4966K, committed 4992K, reserved 1048576K
Event: 8.042 GC heap after
Heap after GC invocations=9 (full 2):
 PSYoungGen      total 157184K, used 0K [0x00000000e1780000, 0x00000000f1e00000, 0x0000000100000000)
  eden space 142336K, 0% used [0x00000000e1780000,0x00000000e1780000,0x00000000ea280000)
  from space 14848K, 0% used [0x00000000ea280000,0x00000000ea280000,0x00000000eb100000)
  to   space 15360K, 0% used [0x00000000f0f00000,0x00000000f0f00000,0x00000000f1e00000)
 ParOldGen       total 77824K, used 18852K [0x00000000a4600000, 0x00000000a9200000, 0x00000000e1780000)
  object space 77824K, 24% used [0x00000000a4600000,0x00000000a58691c0,0x00000000a9200000)
 Metaspace       used 34451K, capacity 35142K, committed 35416K, reserved 1079296K
  class space    used 4726K, capacity 4966K, committed 4992K, reserved 1048576K
}
Event: 11.368 GC heap before
{Heap before GC invocations=10 (full 2):
 PSYoungGen      total 157184K, used 142336K [0x00000000e1780000, 0x00000000f1e00000, 0x0000000100000000)
  eden space 142336K, 100% used [0x00000000e1780000,0x00000000ea280000,0x00000000ea280000)
  from space 14848K, 0% used [0x00000000ea280000,0x00000000ea280000,0x00000000eb100000)
  to   space 15360K, 0% used [0x00000000f0f00000,0x00000000f0f00000,0x00000000f1e00000)
 ParOldGen       total 77824K, used 18852K [0x00000000a4600000, 0x00000000a9200000, 0x00000000e1780000)
  object space 77824K, 24% used [0x00000000a4600000,0x00000000a58691c0,0x00000000a9200000)
 Metaspace       used 43381K, capacity 44460K, committed 44632K, reserved 1087488K
  class space    used 5931K, capacity 6259K, committed 6272K, reserved 1048576K
Event: 11.412 GC heap after
Heap after GC invocations=10 (full 2):
 PSYoungGen      total 227328K, used 11228K [0x00000000e1780000, 0x00000000f1a00000, 0x0000000100000000)
  eden space 216064K, 0% used [0x00000000e1780000,0x00000000e1780000,0x00000000eea80000)
  from space 11264K, 99% used [0x00000000f0f00000,0x00000000f19f7050,0x00000000f1a00000)
  to   space 15872K, 0% used [0x00000000efb00000,0x00000000efb00000,0x00000000f0a80000)
 ParOldGen       total 77824K, used 18932K [0x00000000a4600000, 0x00000000a9200000, 0x00000000e1780000)
  object space 77824K, 24% used [0x00000000a4600000,0x00000000a587d1e8,0x00000000a9200000)
 Metaspace       used 43381K, capacity 44460K, committed 44632K, reserved 1087488K
  class space    used 5931K, capacity 6259K, committed 6272K, reserved 1048576K
}
Event: 29.928 GC heap before
{Heap before GC invocations=11 (full 2):
 PSYoungGen      total 227328K, used 227292K [0x00000000e1780000, 0x00000000f1a00000, 0x0000000100000000)
  eden space 216064K, 100% used [0x00000000e1780000,0x00000000eea80000,0x00000000eea80000)
  from space 11264K, 99% used [0x00000000f0f00000,0x00000000f19f7050,0x00000000f1a00000)
  to   space 15872K, 0% used [0x00000000efb00000,0x00000000efb00000,0x00000000f0a80000)
 ParOldGen       total 77824K, used 18932K [0x00000000a4600000, 0x00000000a9200000, 0x00000000e1780000)
  object space 77824K, 24% used [0x00000000a4600000,0x00000000a587d1e8,0x00000000a9200000)
 Metaspace       used 48250K, capacity 49974K, committed 50136K, reserved 1091584K
  class space    used 6585K, capacity 7060K, committed 7168K, reserved 1048576K

